Start testing: Apr 22 12:36 RTZ 2 (çèìà)
----------------------------------------------------------
1/2 Testing: client_protocol_tests
1/2 Test: client_protocol_tests
Command: "D:/ITMO/multithreads/online-poker-webapp/client/cmake-build-debug/client_protocol_tests.exe"
Directory: D:/ITMO/multithreads/online-poker-webapp/client/cmake-build-debug
"client_protocol_tests" start time: Apr 22 12:36 RTZ 2 (çèìà)
Output:
----------------------------------------------------------
<end of output>
Test time =   0.10 sec
----------------------------------------------------------
Test Passed.
"client_protocol_tests" end time: Apr 22 12:36 RTZ 2 (çèìà)
"client_protocol_tests" time elapsed: 00:00:00
----------------------------------------------------------

2/2 Testing: client_network_tests
2/2 Test: client_network_tests
Command: "D:/ITMO/multithreads/online-poker-webapp/client/cmake-build-debug/client_network_tests.exe"
Directory: D:/ITMO/multithreads/online-poker-webapp/client/cmake-build-debug
"client_network_tests" start time: Apr 22 12:36 RTZ 2 (çèìà)
Output:
----------------------------------------------------------
<end of output>
Test time =   0.11 sec
----------------------------------------------------------
Test Passed.
"client_network_tests" end time: Apr 22 12:36 RTZ 2 (çèìà)
"client_network_tests" time elapsed: 00:00:00
----------------------------------------------------------

End testing: Apr 22 12:36 RTZ 2 (çèìà)
